<?xml version="1.0" encoding="UTF-8"?>
<testsuite xmlns:xsi="http://www.w3.org/2001/XMLSchema-instance" xsi:noNamespaceSchemaLocation="https://maven.apache.org/surefire/maven-surefire-plugin/xsd/surefire-test-report-3.0.xsd" version="3.0" name="api.APISkatteverketTest" time="0.742" tests="1" errors="0" skipped="0" failures="0">
  <properties>
[...]
</properties>
  <testcase name="testGetInfo" classname="api.APISkatteverketTest" time="0.724">
    <system-out><![CDATA[Getting test data from Skatteverket API...
Base API address: https://skatteverket.entryscape.net/rowstore/dataset/b4de7df7-63c0-4e7e-bb59-1f156a591763
Input Limit must be between 1 and 500, otherwise the default of 100 will be used.
Input Offset must be 0 or greater, otherwise the default of 0 will be used.
Updated API address: https://skatteverket.entryscape.net/rowstore/dataset/b4de7df7-63c0-4e7e-bb59-1f156a591763?testpersonnummer=189002209808
]]></system-out>
  </testcase>
</testsuite>